# JRE version: Java(TM) SE Runtime Environment (11.0.1+13) (build 11.0.1+13-LTS)
# Java VM: Java HotSpot(TM) 64-Bit Server VM (11.0.1+13-LTS, mixed mode, tiered, compressed oops, g1 gc, windows-amd64)
Heap:
 garbage-first heap   total 189440K, used 92376K [0x0000000081e00000, 0x0000000100000000)
  region size 1024K, 36 young (36864K), 7 survivors (7168K)
 Metaspace       used 80779K, capacity 81618K, committed 81692K, reserved 1122304K
  class space    used 9060K, capacity 9379K, committed 9420K, reserved 1048576K
GC Heap History (10 events):
Event: 5.810 GC heap before
{Heap before GC invocations=8 (full 0):
 garbage-first heap   total 131072K, used 82188K [0x0000000081e00000, 0x0000000100000000)
  region size 1024K, 52 young (53248K), 6 survivors (6144K)
 Metaspace       used 48789K, capacity 49344K, committed 49616K, reserved 1093632K
  class space    used 5734K, capacity 5947K, committed 6016K, reserved 1048576K
}
Event: 5.827 GC heap after
{Heap after GC invocations=9 (full 0):
 garbage-first heap   total 157696K, used 39287K [0x0000000081e00000, 0x0000000100000000)
  region size 1024K, 6 young (6144K), 6 survivors (6144K)
 Metaspace       used 48789K, capacity 49344K, committed 49616K, reserved 1093632K
  class space    used 5734K, capacity 5947K, committed 6016K, reserved 1048576K
}
Event: 7.714 GC heap before
{Heap before GC invocations=9 (full 0):
 garbage-first heap   total 157696K, used 93559K [0x0000000081e00000, 0x0000000100000000)
  region size 1024K, 59 young (60416K), 6 survivors (6144K)
 Metaspace       used 54122K, capacity 54684K, committed 54992K, reserved 1097728K
  class space    used 6201K, capacity 6443K, committed 6528K, reserved 1048576K
}
Event: 7.736 GC heap after
{Heap after GC invocations=10 (full 0):
 garbage-first heap   total 157696K, used 47926K [0x0000000081e00000, 0x0000000100000000)
  region size 1024K, 8 young (8192K), 8 survivors (8192K)
 Metaspace       used 54122K, capacity 54684K, committed 54992K, reserved 1097728K
  class space    used 6201K, capacity 6443K, committed 6528K, reserved 1048576K
}
Event: 8.740 GC heap before
{Heap before GC invocations=10 (full 0):
 garbage-first heap   total 157696K, used 85814K [0x0000000081e00000, 0x0000000100000000)
  region size 1024K, 46 young (47104K), 8 survivors (8192K)
 Metaspace       used 59476K, capacity 60107K, committed 60240K, reserved 1101824K
  class space    used 6818K, capacity 7092K, committed 7168K, reserved 1048576K
}
Event: 8.766 GC heap after
{Heap after GC invocations=11 (full 0):
 garbage-first heap   total 157696K, used 51625K [0x0000000081e00000, 0x0000000100000000)
  region size 1024K, 4 young (4096K), 4 survivors (4096K)
 Metaspace       used 59476K, capacity 60107K, committed 60240K, reserved 1101824K
  class space    used 6818K, capacity 7092K, committed 7168K, reserved 1048576K
}
Event: 10.168 GC heap before
{Heap before GC invocations=12 (full 0):
 garbage-first heap   total 157696K, used 102825K [0x0000000081e00000, 0x0000000100000000)
  region size 1024K, 53 young (54272K), 4 survivors (4096K)
 Metaspace       used 66866K, capacity 67646K, committed 67868K, reserved 1110016K
  class space    used 7679K, capacity 8004K, committed 8140K, reserved 1048576K
}
Event: 10.184 GC heap after
{Heap after GC invocations=13 (full 0):
 garbage-first heap   total 157696K, used 57826K [0x0000000081e00000, 0x0000000100000000)
  region size 1024K, 7 young (7168K), 7 survivors (7168K)
 Metaspace       used 66866K, capacity 67646K, committed 67868K, reserved 1110016K
  class space    used 7679K, capacity 8004K, committed 8140K, reserved 1048576K
}
Event: 11.616 GC heap before
{Heap before GC invocations=14 (full 0):
 garbage-first heap   total 157696K, used 108002K [0x0000000081e00000, 0x0000000100000000)
  region size 1024K, 56 young (57344K), 7 survivors (7168K)
 Metaspace       used 75369K, capacity 76134K, committed 76444K, reserved 1116160K
  class space    used 8586K, capacity 8915K, committed 9036K, reserved 1048576K
}
Event: 11.639 GC heap after
{Heap after GC invocations=15 (full 0):
 garbage-first heap   total 189440K, used 64728K [0x0000000081e00000, 0x0000000100000000)
  region size 1024K, 7 young (7168K), 7 survivors (7168K)
 Metaspace       used 75369K, capacity 76134K, committed 76444K, reserved 1116160K
  class space    used 8586K, capacity 8915K, committed 9036K, reserved 1048576K
}

